2017-06-11 15:26:35
[ERROR]-[Thread: main]-[com.taobao.api.internal.util.TaobaoLogger.logApiError()]: 2017-06-11 15:26:35.316^_^24236154^_^alibaba.aliqin.fc.sms.num.send^_^192.168.123.8^_^Windows 7^_^372^_^http://gw.api.taobao.com/router/rest^_^sign_method=hmac&partner_id=top-sdk-java-20170611&sms_type=normal&extend=123456&app_key=24236154&sms_template_code=SMS_70585378&format=json&sign=E64976209B49CBAB7E66F17FCA416D21&timestamp=2017-06-11+15%3A26%3A34&v=2.0&rec_num=18615566651&sms_free_sign_name=%E6%B8%A9%E5%BA%A6%E7%9B%91%E6%8E%A7%E6%8A%A5%E8%AD%A6&method=alibaba.aliqin.fc.sms.num.send&sms_param=%7B%22msg%22%3A%22%E3%80%90077004%E3%80%91%EF%BC%8C%E8%AF%B7%E5%9C%A85%E5%88%86%E9%92%9F%E5%86%85%E5%AE%8C%E6%88%90%E9%AA%8C%E8%AF%81%E3%80%82%22%7D^_^{"error_response":{"code":15,"msg":"Remote service error","sub_code":"isv.PARAM_LENGTH_LIMIT","sub_msg":"变量长度超过限制","request_id":"z24i9qkass4b"}}

2017-06-11 15:26:35
[ERROR]-[Thread: main]-[com.myapp.utils.MessageUtil.sendSupadataCode()]: 发送验证码失败
java.lang.NullPointerException
	at com.myapp.utils.MessageUtil.sendSupadataCode(MessageUtil.java:49)
	at com.myapp.module.authcode.controller.AuthCodeController.sendCodeAction(AuthCodeController.java:46)
	at sun.reflect.NativeMethodAccessorImpl.invoke0(Native Method)
	at sun.reflect.NativeMethodAccessorImpl.invoke(NativeMethodAccessorImpl.java:57)
	at sun.reflect.DelegatingMethodAccessorImpl.invoke(DelegatingMethodAccessorImpl.java:43)
	at java.lang.reflect.Method.invoke(Method.java:606)
	at com.jfinal.aop.Invocation.invoke(Invocation.java:73)
	at com.myapp.utils.interceptor.ExceptionIntoLogInterceptor.intercept(ExceptionIntoLogInterceptor.java:24)
	at com.jfinal.aop.Invocation.invoke(Invocation.java:67)
	at com.jfinal.core.ActionHandler.handle(ActionHandler.java:74)
	at com.jfinal.ext.handler.ContextPathHandler.handle(ContextPathHandler.java:48)
	at sun.reflect.NativeMethodAccessorImpl.invoke0(Native Method)
	at sun.reflect.NativeMethodAccessorImpl.invoke(NativeMethodAccessorImpl.java:57)
	at sun.reflect.DelegatingMethodAccessorImpl.invoke(DelegatingMethodAccessorImpl.java:43)
	at java.lang.reflect.Method.invoke(Method.java:606)
	at com.jfinal.ext.kit.Reflect.on(Reflect.java:644)
	at com.jfinal.ext.kit.Reflect.call(Reflect.java:383)
	at com.jfinal.ext.test.ControllerTestCase.invoke(ControllerTestCase.java:124)
	at com.myapp.utils.test.JunitTest.sendCodeAction(JunitTest.java:45)
	at sun.reflect.NativeMethodAccessorImpl.invoke0(Native Method)
	at sun.reflect.NativeMethodAccessorImpl.invoke(NativeMethodAccessorImpl.java:57)
	at sun.reflect.DelegatingMethodAccessorImpl.invoke(DelegatingMethodAccessorImpl.java:43)
	at java.lang.reflect.Method.invoke(Method.java:606)
	at org.junit.runners.model.FrameworkMethod$1.runReflectiveCall(FrameworkMethod.java:45)
	at org.junit.internal.runners.model.ReflectiveCallable.run(ReflectiveCallable.java:15)
	at org.junit.runners.model.FrameworkMethod.invokeExplosively(FrameworkMethod.java:42)
	at org.junit.internal.runners.statements.InvokeMethod.evaluate(InvokeMethod.java:20)
	at org.junit.internal.runners.statements.RunBefores.evaluate(RunBefores.java:28)
	at org.junit.runners.ParentRunner.runLeaf(ParentRunner.java:263)
	at org.junit.runners.BlockJUnit4ClassRunner.runChild(BlockJUnit4ClassRunner.java:68)
	at org.junit.runners.BlockJUnit4ClassRunner.runChild(BlockJUnit4ClassRunner.java:47)
	at org.junit.runners.ParentRunner$3.run(ParentRunner.java:231)
	at org.junit.runners.ParentRunner$1.schedule(ParentRunner.java:60)
	at org.junit.runners.ParentRunner.runChildren(ParentRunner.java:229)
	at org.junit.runners.ParentRunner.access$000(ParentRunner.java:50)
	at org.junit.runners.ParentRunner$2.evaluate(ParentRunner.java:222)
	at org.junit.internal.runners.statements.RunAfters.evaluate(RunAfters.java:30)
	at org.junit.runners.ParentRunner.run(ParentRunner.java:300)
	at org.eclipse.jdt.internal.junit4.runner.JUnit4TestReference.run(JUnit4TestReference.java:50)
	at org.eclipse.jdt.internal.junit.runner.TestExecution.run(TestExecution.java:38)
	at org.eclipse.jdt.internal.junit.runner.RemoteTestRunner.runTests(RemoteTestRunner.java:459)
	at org.eclipse.jdt.internal.junit.runner.RemoteTestRunner.runTests(RemoteTestRunner.java:675)
	at org.eclipse.jdt.internal.junit.runner.RemoteTestRunner.run(RemoteTestRunner.java:382)
	at org.eclipse.jdt.internal.junit.runner.RemoteTestRunner.main(RemoteTestRunner.java:192)

2017-06-11 22:50:50
[INFO]-[Thread: main]-[com.alibaba.druid.pool.DruidDataSource.init()]: {dataSource-1} inited

2017-06-11 22:50:50
[DEBUG]-[Thread: main]-[com.alibaba.druid.filter.logging.Log4jFilter.statementLog()]: {conn-10001, stmt-20000} executed. select * from `tb_equipment` where 1 = 2

2017-06-11 22:50:50
[DEBUG]-[Thread: main]-[com.alibaba.druid.filter.logging.Log4jFilter.statementLog()]: {conn-10001, stmt-20001} executed. select * from `tb_kid` where 1 = 2

2017-06-11 22:50:50
[DEBUG]-[Thread: main]-[com.alibaba.druid.filter.logging.Log4jFilter.statementLog()]: {conn-10001, stmt-20002} executed. select * from `tb_temp_record` where 1 = 2

2017-06-11 22:50:50
[DEBUG]-[Thread: main]-[com.alibaba.druid.filter.logging.Log4jFilter.statementLog()]: {conn-10001, stmt-20003} executed. select * from `tb_tip` where 1 = 2

2017-06-11 22:50:50
[DEBUG]-[Thread: main]-[com.alibaba.druid.filter.logging.Log4jFilter.statementLog()]: {conn-10001, stmt-20004} executed. select * from `tb_user` where 1 = 2

2017-06-11 22:50:50
[DEBUG]-[Thread: main]-[com.alibaba.druid.filter.logging.Log4jFilter.statementLog()]: {conn-10001, stmt-20005} executed. select * from `tb_user_auth` where 1 = 2

2017-06-11 22:50:52
[ERROR]-[Thread: main]-[com.taobao.api.internal.util.TaobaoLogger.logApiError()]: 2017-06-11 22:50:52.123^_^24236154^_^alibaba.aliqin.fc.sms.num.send^_^192.168.123.8^_^Windows 7^_^442^_^http://gw.api.taobao.com/router/rest^_^sign_method=hmac&partner_id=top-sdk-java-20170611&sms_type=normal&extend=123456&app_key=24236154&sms_template_code=SMS_70585378&format=json&sign=BD587E3F3DF27EB6D6183D14688DC37D&timestamp=2017-06-11+22%3A50%3A51&v=2.0&rec_num=18615566651&sms_free_sign_name=%E6%B8%A9%E5%BA%A6%E7%9B%91%E6%8E%A7%E6%8A%A5%E8%AD%A6&method=alibaba.aliqin.fc.sms.num.send&sms_param=%7B%22code%22%3A%22054073%22%2C%22name%22%3A%22%E3%80%90%E5%A4%9C%E8%8E%BA%E7%A7%91%E6%8A%80%E3%80%91%22%7D^_^{"error_response":{"code":15,"msg":"Remote service error","sub_code":"isv.TEMPLATE_MISSING_PARAMETERS","sub_msg":"参数缺失，缺少参数：msg，模板配置：验证码${msg}。，传参：{&quot;name&quot;:&quot;【夜莺科技】&quot;,&quot;code&quot;:&quot;054073&quot;}","request_id":"ze26gby2xqkl"}}

2017-06-11 22:50:52
[ERROR]-[Thread: main]-[com.myapp.utils.MessageUtil.sendSupadataCode()]: 发送验证码失败
java.lang.NullPointerException
	at com.myapp.utils.MessageUtil.sendSupadataCode(MessageUtil.java:50)
	at com.myapp.module.authcode.controller.AuthCodeController.sendCodeAction(AuthCodeController.java:46)
	at sun.reflect.NativeMethodAccessorImpl.invoke0(Native Method)
	at sun.reflect.NativeMethodAccessorImpl.invoke(NativeMethodAccessorImpl.java:57)
	at sun.reflect.DelegatingMethodAccessorImpl.invoke(DelegatingMethodAccessorImpl.java:43)
	at java.lang.reflect.Method.invoke(Method.java:606)
	at com.jfinal.aop.Invocation.invoke(Invocation.java:73)
	at com.myapp.utils.interceptor.ExceptionIntoLogInterceptor.intercept(ExceptionIntoLogInterceptor.java:24)
	at com.jfinal.aop.Invocation.invoke(Invocation.java:67)
	at com.jfinal.core.ActionHandler.handle(ActionHandler.java:74)
	at com.jfinal.ext.handler.ContextPathHandler.handle(ContextPathHandler.java:48)
	at sun.reflect.NativeMethodAccessorImpl.invoke0(Native Method)
	at sun.reflect.NativeMethodAccessorImpl.invoke(NativeMethodAccessorImpl.java:57)
	at sun.reflect.DelegatingMethodAccessorImpl.invoke(DelegatingMethodAccessorImpl.java:43)
	at java.lang.reflect.Method.invoke(Method.java:606)
	at com.jfinal.ext.kit.Reflect.on(Reflect.java:644)
	at com.jfinal.ext.kit.Reflect.call(Reflect.java:383)
	at com.jfinal.ext.test.ControllerTestCase.invoke(ControllerTestCase.java:124)
	at com.myapp.utils.test.JunitTest.sendCodeAction(JunitTest.java:45)
	at sun.reflect.NativeMethodAccessorImpl.invoke0(Native Method)
	at sun.reflect.NativeMethodAccessorImpl.invoke(NativeMethodAccessorImpl.java:57)
	at sun.reflect.DelegatingMethodAccessorImpl.invoke(DelegatingMethodAccessorImpl.java:43)
	at java.lang.reflect.Method.invoke(Method.java:606)
	at org.junit.runners.model.FrameworkMethod$1.runReflectiveCall(FrameworkMethod.java:45)
	at org.junit.internal.runners.model.ReflectiveCallable.run(ReflectiveCallable.java:15)
	at org.junit.runners.model.FrameworkMethod.invokeExplosively(FrameworkMethod.java:42)
	at org.junit.internal.runners.statements.InvokeMethod.evaluate(InvokeMethod.java:20)
	at org.junit.internal.runners.statements.RunBefores.evaluate(RunBefores.java:28)
	at org.junit.runners.ParentRunner.runLeaf(ParentRunner.java:263)
	at org.junit.runners.BlockJUnit4ClassRunner.runChild(BlockJUnit4ClassRunner.java:68)
	at org.junit.runners.BlockJUnit4ClassRunner.runChild(BlockJUnit4ClassRunner.java:47)
	at org.junit.runners.ParentRunner$3.run(ParentRunner.java:231)
	at org.junit.runners.ParentRunner$1.schedule(ParentRunner.java:60)
	at org.junit.runners.ParentRunner.runChildren(ParentRunner.java:229)
	at org.junit.runners.ParentRunner.access$000(ParentRunner.java:50)
	at org.junit.runners.ParentRunner$2.evaluate(ParentRunner.java:222)
	at org.junit.internal.runners.statements.RunAfters.evaluate(RunAfters.java:30)
	at org.junit.runners.ParentRunner.run(ParentRunner.java:300)
	at org.eclipse.jdt.internal.junit4.runner.JUnit4TestReference.run(JUnit4TestReference.java:50)
	at org.eclipse.jdt.internal.junit.runner.TestExecution.run(TestExecution.java:38)
	at org.eclipse.jdt.internal.junit.runner.RemoteTestRunner.runTests(RemoteTestRunner.java:459)
	at org.eclipse.jdt.internal.junit.runner.RemoteTestRunner.runTests(RemoteTestRunner.java:675)
	at org.eclipse.jdt.internal.junit.runner.RemoteTestRunner.run(RemoteTestRunner.java:382)
	at org.eclipse.jdt.internal.junit.runner.RemoteTestRunner.main(RemoteTestRunner.java:192)

2017-06-11 22:50:52
[ERROR]-[Thread: main]-[com.myapp.utils.response.DataResponse.<init>()]: Exist Error,detail:[发送验证码失败，请稍后重试], method source:[/auth/sendCodeAction].
